0 info it worked if it ends with ok
1 verbose cli [ 'D:\\Programi\\nodejs\\node.exe',
1 verbose cli   'D:\\Programi\\nodejs\\node_modules\\npm\\bin\\npm-cli.js',
1 verbose cli   'start' ]
2 info using npm@4.1.2
3 info using node@v7.6.0
4 verbose run-script [ 'prestart', 'start', 'poststart' ]
5 info lifecycle st-2@0.0.0~prestart: st-2@0.0.0
6 silly lifecycle st-2@0.0.0~prestart: no script for prestart, continuing
7 info lifecycle st-2@0.0.0~start: st-2@0.0.0
8 verbose lifecycle st-2@0.0.0~start: unsafe-perm in lifecycle true
9 verbose lifecycle st-2@0.0.0~start: PATH: D:\Programi\nodejs\node_modules\npm\bin\node-gyp-bin;D:\OneDrive\FERI\Magisterij\2. semester\ST\SpletneTehnologijeProjekt\node_modules\.bin;C:\ProgramData\Oracle\Java\javapath;C:\Windows\system32;C:\Windows;C:\Windows\System32\Wbem;C:\Windows\System32\WindowsPowerShell\v1.0\;D:\Programi\;C:\Program Files (x86)\Windows Kits\10\Windows Performance Toolkit\;C:\WINDOWS\system32;C:\WINDOWS;C:\WINDOWS\System32\Wbem;C:\WINDOWS\System32\WindowsPowerShell\v1.0\;C:\Program Files\Microsoft SQL Server\Client SDK\ODBC\110\Tools\Binn\;C:\Program Files (x86)\Microsoft SQL Server\120\DTS\Binn\;C:\Program Files (x86)\Skype\Phone\;C:\Program Files\Microsoft SQL Server\130\Tools\Binn\;C:\Program Files (x86)\NVIDIA Corporation\PhysX\Common;C:\Program Files (x86)\Microsoft SQL Server\130\Tools\Binn\;C:\Program Files (x86)\Microsoft SQL Server\Client SDK\ODBC\130\Tools\Binn\;C:\Program Files (x86)\Microsoft SQL Server\130\DTS\Binn\;C:\Program Files (x86)\Microsoft SQL Server\130\Tools\Binn\ManagementStudio\;C:\WINDOWS\system32;C:\WINDOWS;C:\WINDOWS\System32\Wbem;C:\WINDOWS\System32\WindowsPowerShell\v1.0\;C:\Program Files (x86)\Microsoft SQL Server\110\DTS\Binn\;C:\Program Files\Cloud Foundry;D:\Programi\nodejs\;C:\Program Files\dotnet\;C:\Users\Samo\.dnx\bin;C:\Program Files (x86)\Java\jre7\bin;C:\Users\Samo\AppData\Local\Microsoft\WindowsApps;C:\Users\Samo\AppData\Roaming\npm;D:\Programi\Microsoft VS Code\bin
10 verbose lifecycle st-2@0.0.0~start: CWD: D:\OneDrive\FERI\Magisterij\2. semester\ST\SpletneTehnologijeProjekt
11 silly lifecycle st-2@0.0.0~start: Args: [ '/d /s /c', 'node ./bin/www' ]
12 silly lifecycle st-2@0.0.0~start: Returned: code: 1  signal: null
13 info lifecycle st-2@0.0.0~start: Failed to exec start script
14 verbose stack Error: st-2@0.0.0 start: `node ./bin/www`
14 verbose stack Exit status 1
14 verbose stack     at EventEmitter.<anonymous> (D:\Programi\nodejs\node_modules\npm\lib\utils\lifecycle.js:279:16)
14 verbose stack     at emitTwo (events.js:106:13)
14 verbose stack     at EventEmitter.emit (events.js:192:7)
14 verbose stack     at ChildProcess.<anonymous> (D:\Programi\nodejs\node_modules\npm\lib\utils\spawn.js:40:14)
14 verbose stack     at emitTwo (events.js:106:13)
14 verbose stack     at ChildProcess.emit (events.js:192:7)
14 verbose stack     at maybeClose (internal/child_process.js:890:16)
14 verbose stack     at Process.ChildProcess._handle.onexit (internal/child_process.js:226:5)
15 verbose pkgid st-2@0.0.0
16 verbose cwd D:\OneDrive\FERI\Magisterij\2. semester\ST\SpletneTehnologijeProjekt
17 error Windows_NT 10.0.14393
18 error argv "D:\\Programi\\nodejs\\node.exe" "D:\\Programi\\nodejs\\node_modules\\npm\\bin\\npm-cli.js" "start"
19 error node v7.6.0
20 error npm  v4.1.2
21 error code ELIFECYCLE
22 error st-2@0.0.0 start: `node ./bin/www`
22 error Exit status 1
23 error Failed at the st-2@0.0.0 start script 'node ./bin/www'.
23 error Make sure you have the latest version of node.js and npm installed.
23 error If you do, this is most likely a problem with the st-2 package,
23 error not with npm itself.
23 error Tell the author that this fails on your system:
23 error     node ./bin/www
23 error You can get information on how to open an issue for this project with:
23 error     npm bugs st-2
23 error Or if that isn't available, you can get their info via:
23 error     npm owner ls st-2
23 error There is likely additional logging output above.
24 verbose exit [ 1, true ]
